1587304247064	mozrunner::runner	INFO	Running command: "C:\\Program Files\\Mozilla Firefox\\firefox.exe" "-marionette" "-foreground" "-no-remote" "-profile" "C:\\Users\\JOHANN~1\\AppData\\Local\\Temp\\rust_mozprofilecLabIl"
1587304249840	addons.webextension.doh-rollout@mozilla.org	WARN	Loading extension 'doh-rollout@mozilla.org': Reading manifest: Invalid extension permission: networkStatus
1587304249938	addons.webextension.screenshots@mozilla.org	WARN	Loading extension 'screenshots@mozilla.org': Reading manifest: Invalid extension permission: mozillaAddons
1587304249939	addons.webextension.screenshots@mozilla.org	WARN	Loading extension 'screenshots@mozilla.org': Reading manifest: Invalid extension permission: telemetry
1587304249940	addons.webextension.screenshots@mozilla.org	WARN	Loading extension 'screenshots@mozilla.org': Reading manifest: Invalid extension permission: resource://pdf.js/
1587304249940	addons.webextension.screenshots@mozilla.org	WARN	Loading extension 'screenshots@mozilla.org': Reading manifest: Invalid extension permission: about:reader*
JavaScript error: resource://gre/modules/XULStore.jsm, line 66: Error: Can't find profile directory.
1587304256093	Marionette	INFO	Listening on port 63573
1587304256548	Marionette	WARN	TLS certificate errors will be ignored for this session
1587304290113	Marionette	INFO	Stopped listening on port 63573

###!!! [Child][RunMessage] Error: Channel closing: too late to send/recv, messages will be lost


###!!! [Child][MessageChannel::SendAndWait] Error: Channel error: cannot send/recv

1587304295045	mozrunner::runner	INFO	Running command: "C:\\Program Files\\Mozilla Firefox\\firefox.exe" "-marionette" "-foreground" "-no-remote" "-profile" "C:\\Users\\JOHANN~1\\AppData\\Local\\Temp\\rust_mozprofileGXKKqx"
1587304296281	addons.webextension.doh-rollout@mozilla.org	WARN	Loading extension 'doh-rollout@mozilla.org': Reading manifest: Invalid extension permission: networkStatus
1587304296360	addons.webextension.screenshots@mozilla.org	WARN	Loading extension 'screenshots@mozilla.org': Reading manifest: Invalid extension permission: mozillaAddons
1587304296360	addons.webextension.screenshots@mozilla.org	WARN	Loading extension 'screenshots@mozilla.org': Reading manifest: Invalid extension permission: telemetry
1587304296361	addons.webextension.screenshots@mozilla.org	WARN	Loading extension 'screenshots@mozilla.org': Reading manifest: Invalid extension permission: resource://pdf.js/
1587304296361	addons.webextension.screenshots@mozilla.org	WARN	Loading extension 'screenshots@mozilla.org': Reading manifest: Invalid extension permission: about:reader*
JavaScript error: resource://gre/modules/XULStore.jsm, line 66: Error: Can't find profile directory.
1587304302086	Marionette	INFO	Listening on port 63694
1587304302432	Marionette	WARN	TLS certificate errors will be ignored for this session
JavaScript error: https://googleads.g.doubleclick.net/pagead/ads?client=ca-pub-9173866185064071&output=html&h=280&slotname=6638633547&adk=1070725093&adf=3806948723&w=360&fwrn=4&fwrnh=100&lmt=1492789911&rafmt=1&psa=0&guci=1.2.0.0.2.2.0.0&format=360x280&url=http%3A%2F%2Fdemo.automationtesting.in%2FFileDownload.html&flash=0&fwr=0&rpe=1&resp_fmts=3&wgl=1&adsid=NT&dt=1587304304476&bpp=11&bdt=1432&idt=765&shv=r20200413&cbv=r20190131&ptt=9&saldr=aa&abxe=1&prev_fmts=360x280%2C360x280&correlator=5382479169289&frm=20&pv=1&ga_vid=1276531258.1587304305&ga_sid=1587304305&ga_hid=1961338761&ga_fc=0&icsg=10500776&dssz=17&mdo=0&mso=0&u_tz=120&u_his=1&u_java=0&u_h=864&u_w=1536&u_ah=864&u_aw=1536&u_cd=24&u_nplug=0&u_nmime=0&adx=843&ady=1500&biw=1266&bih=736&scr_x=0&scr_y=0&eid=44717539%2C21062175&oid=3&pvsid=1166817854498020&pem=708&rx=0&eae=0&fc=896&brdim=3%2C3%2C3%2C3%2C1536%2C0%2C1294%2C815%2C1283%2C736&vis=1&rsz=%7C%7CleEbr%7C&abl=CS&pfx=0&fu=8336&bc=21&ifi=3&uci=a!3&btvi=3&xpc=12Qq6B6WeC&p=http%3A//demo.automationtesting.in&dtd=798, line 1: ReferenceError: mys is not defined
1587304319777	Marionette	INFO	Stopped listening on port 63694

###!!! [Child][RunMessage] Error: Channel closing: too late to send/recv, messages will be lost


###!!! [Child][MessageChannel::SendAndWait] Error: Channel error: cannot send/recv

1587304498881	mozrunner::runner	INFO	Running command: "C:\\Program Files\\Mozilla Firefox\\firefox.exe" "-marionette" "-foreground" "-no-remote" "-profile" "C:\\Users\\JOHANN~1\\AppData\\Local\\Temp\\rust_mozprofileAWEfDY"
1587304500044	addons.webextension.doh-rollout@mozilla.org	WARN	Loading extension 'doh-rollout@mozilla.org': Reading manifest: Invalid extension permission: networkStatus
1587304500126	addons.webextension.screenshots@mozilla.org	WARN	Loading extension 'screenshots@mozilla.org': Reading manifest: Invalid extension permission: mozillaAddons
1587304500127	addons.webextension.screenshots@mozilla.org	WARN	Loading extension 'screenshots@mozilla.org': Reading manifest: Invalid extension permission: telemetry
1587304500127	addons.webextension.screenshots@mozilla.org	WARN	Loading extension 'screenshots@mozilla.org': Reading manifest: Invalid extension permission: resource://pdf.js/
1587304500127	addons.webextension.screenshots@mozilla.org	WARN	Loading extension 'screenshots@mozilla.org': Reading manifest: Invalid extension permission: about:reader*
JavaScript error: resource://gre/modules/XULStore.jsm, line 66: Error: Can't find profile directory.
1587304505975	Marionette	INFO	Listening on port 63900
1587304506267	Marionette	WARN	TLS certificate errors will be ignored for this session
1587304521112	Marionette	INFO	Stopped listening on port 63900

###!!! [Child][RunMessage] Error: Channel closing: too late to send/recv, messages will be lost


###!!! [Child][MessageChannel::SendAndWait] Error: Channel error: cannot send/recv

